{
  "RSpec": {
    "coverage": {
      "/Users/zach/dev/reverb/app/reverb_records.rb": [
        1,
        1,
        1,
        0,
        0,
        0,
        null,
        null,
        null,
        null,
        null,
        1,
        null,
        0,
        0,
        null,
        null,
        1,
        null,
        0,
        null,
        null,
        0,
        null,
        0,
        0,
        0,
        0,
        null,
        null,
        null,
        null,
        0,
        null,
        0,
        0,
        null,
        0,
        null,
        null,
        null,
        null
      ],
      "/Users/zach/dev/reverb/lib/record_parser.rb": [
        1,
        null,
        1,
        1,
        null,
        1,
        null,
        33,
        null,
        33,
        null,
        null,
        null,
        1,
        null,
        18,
        7,
        null,
        10,
        null,
        null,
        1,
        null,
        null,
        17,
        null,
        null,
        null,
        1,
        null,
        8,
        null,
        null,
        1,
        null,
        7,
        null,
        null,
        1,
        null,
        24,
        null,
        null,
        1,
        null,
        24,
        null,
        null,
        1,
        null,
        24,
        null,
        null,
        null,
        1,
        8,
        8,
        null,
        null,
        null,
        null,
        null,
        null,
        58,
        null,
        8,
        null,
        null,
        null
      ],
      "/Users/zach/dev/reverb/app/api.rb": [
        1,
        null,
        1,
        1,
        1,
        1,
        null,
        null,
        null,
        null,
        null,
        null,
        1,
        1,
        11,
        null,
        null,
        1,
        1,
        1,
        null,
        1,
        3,
        3,
        3,
        null,
        0,
        null,
        null,
        3,
        null,
        null,
        null,
        1,
        1,
        2,
        2,
        null,
        null,
        1,
        1,
        2,
        2,
        null,
        null,
        1,
        1,
        2,
        2,
        null,
        null,
        null,
        null,
        null
      ],
      "/Users/zach/dev/reverb/spec/record_parser_spec.rb": [
        1,
        null,
        1,
        null,
        1,
        22,
        22,
        null,
        null,
        1,
        1,
        null,
        null,
        4,
        null,
        1,
        null,
        1,
        null,
        1,
        1,
        1,
        null,
        null,
        1,
        2,
        2,
        null,
        null,
        2,
        4,
        4,
        4,
        4,
        4,
        null,
        null,
        2,
        2,
        null,
        null,
        null,
        1,
        8,
        8,
        1,
        null,
        null,
        1,
        8,
        8,
        1,
        null,
        null,
        null,
        null,
        1,
        2,
        1,
        2,
        null,
        null,
        null,
        null,
        null,
        1,
        1,
        1,
        1,
        null,
        null,
        null,
        null,
        null,
        1,
        null,
        1,
        2,
        null,
        1,
        1,
        null,
        null,
        null,
        null,
        1,
        null,
        1,
        1,
        null,
        null,
        null,
        null,
        null,
        null,
        1,
        1,
        1,
        null,
        null,
        null,
        1,
        1,
        null,
        null,
        null,
        null,
        null,
        null,
        1,
        1,
        1,
        null,
        null,
        null,
        1,
        1,
        null,
        null,
        null,
        null,
        null,
        null,
        1,
        1,
        1,
        null,
        null,
        null,
        1,
        1,
        null,
        null,
        null,
        null,
        null,
        null,
        1,
        null,
        null,
        null,
        null,
        null,
        null,
        null,
        1,
        1,
        2,
        null,
        null,
        null,
        null,
        null,
        null,
        null,
        null,
        null,
        null
      ]
    },
    "timestamp": 1450480092
  },
  "Unknown Test Framework": {
    "coverage": {
    },
    "timestamp": 1450371430
  }
}
